2021-04-23 20:07:07,945 (10667/MainThread) litecli.main ERROR - sql: 'FROM bookmarks SELECT id, `URL`, flags WHERE flags IS NOT NULL', error: OperationalError('near "FROM": syntax error',)
2021-04-23 20:07:07,949 (10667/MainThread) litecli.main ERROR - traceback: 'Traceback (most recent call last):\n  File "/home/hactar/.local/lib/python3.6/site-packages/litecli/sqlexecute.py", line 122, in run\n    for result in special.execute(cur, sql):\n  File "/home/hactar/.local/lib/python3.6/site-packages/litecli/packages/special/main.py", line 109, in execute\n    raise CommandNotFound\nlitecli.packages.special.main.CommandNotFound\n\nDuring handling of the above exception, another exception occurred:\n\nTraceback (most recent call last):\n  File "/home/hactar/.local/lib/python3.6/site-packages/litecli/main.py", line 441, in one_iteration\n    for title, cur, headers, status in res:\n  File "/home/hactar/.local/lib/python3.6/site-packages/litecli/sqlexecute.py", line 126, in run\n    cur.execute(sql)\nsqlite3.OperationalError: near "FROM": syntax error\n'
